Sourcing python-remove-tests-dir-hook
Sourcing python-catch-conflicts-hook.sh
Sourcing python-remove-bin-bytecode-hook.sh
Sourcing pypa-install-hook
Using pypaInstallPhase
Sourcing python-imports-check-hook.sh
Using pythonImportsCheckPhase
Sourcing python-namespaces-hook
Sourcing pip-build-hook
Using pipBuildPhase
Using pipShellHook
@nix { "action": "setPhase", "phase": "unpackPhase" }
Running phase: unpackPhase
unpacking source archive /nix/store/9v4y5iy0fsr1qm70sck9y104p9a7skra-twisted-24.3.0.tar.gz
source root is twisted-24.3.0
setting SOURCE_DATE_EPOCH to timestamp 1580601600 of file twisted-24.3.0/tox.ini
@nix { "action": "setPhase", "phase": "patchPhase" }
Running phase: patchPhase
Removing path dependencies
Finished removing path dependencies
Removing git dependencies
Finished removing git dependencies
Removing wheel-url dependencies
Finished removing wheel-url dependencies
@nix { "action": "setPhase", "phase": "updateAutotoolsGnuConfigScriptsPhase" }
Running phase: updateAutotoolsGnuConfigScriptsPhase
@nix { "action": "setPhase", "phase": "configurePhase" }
Running phase: configurePhase
no configure script, doing nothing
@nix { "action": "setPhase", "phase": "buildPhase" }
Running phase: buildPhase
Executing pipBuildPhase
Creating a wheel...
[33mWARNING: The directory '/homeless-shelter/.cache/pip' or its parent directory is not owned or is not writable by the current user. The cache has been disabled. Check the permissions and owner of that directory. If executing pip with sudo, you should use sudo's -H flag.[0m[33m
[0mProcessing /build/twisted-24.3.0
  Running command Preparing metadata (pyproject.toml)
  Preparing metadata (pyproject.toml) ... [?25l[?25hdone
[31mERROR: Exception:
Traceback (most recent call last):
  File "/nix/store/rn7z8xvfhglhl1k8grv7qjcfc8773x76-python3.11-pip-23.3.1/lib/python3.11/site-packages/pip/_internal/cli/base_command.py", line 180, in exc_logging_wrapper
    status = run_func(*args)
             ^^^^^^^^^^^^^^^
  File "/nix/store/rn7z8xvfhglhl1k8grv7qjcfc8773x76-python3.11-pip-23.3.1/lib/python3.11/site-packages/pip/_internal/cli/req_command.py", line 245, in wrapper
    return func(self, options, args)
           ^^^^^^^^^^^^^^^^^^^^^^^^^
  File "/nix/store/rn7z8xvfhglhl1k8grv7qjcfc8773x76-python3.11-pip-23.3.1/lib/python3.11/site-packages/pip/_internal/commands/wheel.py", line 147, in run
    requirement_set = resolver.resolve(reqs, check_supported_wheels=True)
                      ^^^^^^^^^^^^^^^^^^^^^^^^^^^^^^^^^^^^^^^^^^^^^^^^^^^
  File "/nix/store/rn7z8xvfhglhl1k8grv7qjcfc8773x76-python3.11-pip-23.3.1/lib/python3.11/site-packages/pip/_internal/resolution/resolvelib/resolver.py", line 76, in resolve
    collected = self.factory.collect_root_requirements(root_reqs)
                ^^^^^^^^^^^^^^^^^^^^^^^^^^^^^^^^^^^^^^^^^^^^^^^^^
  File "/nix/store/rn7z8xvfhglhl1k8grv7qjcfc8773x76-python3.11-pip-23.3.1/lib/python3.11/site-packages/pip/_internal/resolution/resolvelib/factory.py", line 513, in collect_root_requirements
    reqs = list(
           ^^^^^
  File "/nix/store/rn7z8xvfhglhl1k8grv7qjcfc8773x76-python3.11-pip-23.3.1/lib/python3.11/site-packages/pip/_internal/resolution/resolvelib/factory.py", line 474, in _make_requirements_from_install_req
    cand = self._make_candidate_from_link(
           ^^^^^^^^^^^^^^^^^^^^^^^^^^^^^^^
  File "/nix/store/rn7z8xvfhglhl1k8grv7qjcfc8773x76-python3.11-pip-23.3.1/lib/python3.11/site-packages/pip/_internal/resolution/resolvelib/factory.py", line 211, in _make_candidate_from_link
    self._link_candidate_cache[link] = LinkCandidate(
                                       ^^^^^^^^^^^^^^
  File "/nix/store/rn7z8xvfhglhl1k8grv7qjcfc8773x76-python3.11-pip-23.3.1/lib/python3.11/site-packages/pip/_internal/resolution/resolvelib/candidates.py", line 293, in __init__
    super().__init__(
  File "/nix/store/rn7z8xvfhglhl1k8grv7qjcfc8773x76-python3.11-pip-23.3.1/lib/python3.11/site-packages/pip/_internal/resolution/resolvelib/candidates.py", line 156, in __init__
    self.dist = self._prepare()
                ^^^^^^^^^^^^^^^
  File "/nix/store/rn7z8xvfhglhl1k8grv7qjcfc8773x76-python3.11-pip-23.3.1/lib/python3.11/site-packages/pip/_internal/resolution/resolvelib/candidates.py", line 225, in _prepare
    dist = self._prepare_distribution()
           ^^^^^^^^^^^^^^^^^^^^^^^^^^^^
  File "/nix/store/rn7z8xvfhglhl1k8grv7qjcfc8773x76-python3.11-pip-23.3.1/lib/python3.11/site-packages/pip/_internal/resolution/resolvelib/candidates.py", line 304, in _prepare_distribution
    return preparer.prepare_linked_requirement(self._ireq, parallel_builds=True)
           ^^^^^^^^^^^^^^^^^^^^^^^^^^^^^^^^^^^^^^^^^^^^^^^^^^^^^^^^^^^^^^^^^^^^^
  File "/nix/store/rn7z8xvfhglhl1k8grv7qjcfc8773x76-python3.11-pip-23.3.1/lib/python3.11/site-packages/pip/_internal/operations/prepare.py", line 525, in prepare_linked_requirement
    return self._prepare_linked_requirement(req, parallel_builds)
           ^^^^^^^^^^^^^^^^^^^^^^^^^^^^^^^^^^^^^^^^^^^^^^^^^^^^^^
  File "/nix/store/rn7z8xvfhglhl1k8grv7qjcfc8773x76-python3.11-pip-23.3.1/lib/python3.11/site-packages/pip/_internal/operations/prepare.py", line 640, in _prepare_linked_requirement
    dist = _get_prepared_distribution(
           ^^^^^^^^^^^^^^^^^^^^^^^^^^^
  File "/nix/store/rn7z8xvfhglhl1k8grv7qjcfc8773x76-python3.11-pip-23.3.1/lib/python3.11/site-packages/pip/_internal/operations/prepare.py", line 71, in _get_prepared_distribution
    abstract_dist.prepare_distribution_metadata(
  File "/nix/store/rn7z8xvfhglhl1k8grv7qjcfc8773x76-python3.11-pip-23.3.1/lib/python3.11/site-packages/pip/_internal/distributions/sdist.py", line 67, in prepare_distribution_metadata
    self.req.prepare_metadata()
  File "/nix/store/rn7z8xvfhglhl1k8grv7qjcfc8773x76-python3.11-pip-23.3.1/lib/python3.11/site-packages/pip/_internal/req/req_install.py", line 577, in prepare_metadata
    self.metadata_directory = generate_metadata(
                              ^^^^^^^^^^^^^^^^^^
  File "/nix/store/rn7z8xvfhglhl1k8grv7qjcfc8773x76-python3.11-pip-23.3.1/lib/python3.11/site-packages/pip/_internal/operations/build/metadata.py", line 35, in generate_metadata
    distinfo_dir = backend.prepare_metadata_for_build_wheel(metadata_dir)
                   ^^^^^^^^^^^^^^^^^^^^^^^^^^^^^^^^^^^^^^^^^^^^^^^^^^^^^^
  File "/nix/store/rn7z8xvfhglhl1k8grv7qjcfc8773x76-python3.11-pip-23.3.1/lib/python3.11/site-packages/pip/_internal/utils/misc.py", line 772, in prepare_metadata_for_build_wheel
    return super().prepare_metadata_for_build_wheel(
           ^^^^^^^^^^^^^^^^^^^^^^^^^^^^^^^^^^^^^^^^^
  File "/nix/store/rn7z8xvfhglhl1k8grv7qjcfc8773x76-python3.11-pip-23.3.1/lib/python3.11/site-packages/pip/_vendor/pyproject_hooks/_impl.py", line 186, in prepare_metadata_for_build_wheel
    return self._call_hook('prepare_metadata_for_build_wheel', {
           ^^^^^^^^^^^^^^^^^^^^^^^^^^^^^^^^^^^^^^^^^^^^^^^^^^^^^
  File "/nix/store/rn7z8xvfhglhl1k8grv7qjcfc8773x76-python3.11-pip-23.3.1/lib/python3.11/site-packages/pip/_vendor/pyproject_hooks/_impl.py", line 321, in _call_hook
    raise BackendUnavailable(data.get('traceback', ''))
pip._vendor.pyproject_hooks._impl.BackendUnavailable: Traceback (most recent call last):
  File "/nix/store/rn7z8xvfhglhl1k8grv7qjcfc8773x76-python3.11-pip-23.3.1/lib/python3.11/site-packages/pip/_vendor/pyproject_hooks/_in_process/_in_process.py", line 77, in _build_backend
    obj = import_module(mod_path)
          ^^^^^^^^^^^^^^^^^^^^^^^
  File "/nix/store/3v2ch16fkl50i85n05h5ckss8pxx6836-python3-3.11.8/lib/python3.11/importlib/__init__.py", line 126, in import_module
    return _bootstrap._gcd_import(name[level:], package, level)
           ^^^^^^^^^^^^^^^^^^^^^^^^^^^^^^^^^^^^^^^^^^^^^^^^^^^^
  File "<frozen importlib._bootstrap>", line 1204, in _gcd_import
  File "<frozen importlib._bootstrap>", line 1176, in _find_and_load
  File "<frozen importlib._bootstrap>", line 1126, in _find_and_load_unlocked
  File "<frozen importlib._bootstrap>", line 241, in _call_with_frames_removed
  File "<frozen importlib._bootstrap>", line 1204, in _gcd_import
  File "<frozen importlib._bootstrap>", line 1176, in _find_and_load
  File "<frozen importlib._bootstrap>", line 1140, in _find_and_load_unlocked
ModuleNotFoundError: No module named 'hatchling'
[0m[31m
[0m